<?xml version="1.0" encoding="UTF-8"?>
<testng-results skipped="0" failed="0" ignored="0" total="6" passed="6">
  <reporter-output>
  </reporter-output>
  <suite name="All Test Suite" duration-ms="95316" started-at="2023-05-07T15:55:39 IST" finished-at="2023-05-07T15:57:14 IST">
    <groups>
    </groups>
    <test name="poco m2 pro" duration-ms="92068" started-at="2023-05-07T15:55:39 IST" finished-at="2023-05-07T15:57:11 IST">
      <class name="TestCase003">
        <test-method status="PASS" signature="launchApp(java.lang.String,java.lang.String,java.lang.String)[pri:0, instance:TestCase003@de3a06f]" name="launchApp" is-config="true" duration-ms="6826" started-at="2023-05-07T15:56:57 IST" finished-at="2023-05-07T15:57:04 IST">
          <params>
            <param index="0">
              <value>
                <![CDATA[Android]]>
              </value>
            </param>
            <param index="1">
              <value>
                <![CDATA[http://0.0.0.0:4723]]>
              </value>
            </param>
            <param index="2">
              <value>
                <![CDATA[e7e46350]]>
              </value>
            </param>
          </params>
          <reporter-output>
          </reporter-output>
        </test-method> <!-- launchApp -->
        <test-method status="PASS" signature="execute()[pri:3, instance:TestCase003@de3a06f]" name="execute" duration-ms="3962" started-at="2023-05-07T15:57:04 IST" finished-at="2023-05-07T15:57:08 IST">
          <reporter-output>
          </reporter-output>
        </test-method> <!-- execute -->
        <test-method status="PASS" signature="quitDriver()[pri:0, instance:TestCase003@de3a06f]" name="quitDriver" is-config="true" duration-ms="3353" started-at="2023-05-07T15:57:08 IST" finished-at="2023-05-07T15:57:11 IST">
          <reporter-output>
          </reporter-output>
        </test-method> <!-- quitDriver -->
      </class> <!-- TestCase003 -->
      <class name="TestCase002">
        <test-method status="PASS" signature="launchApp(java.lang.String,java.lang.String,java.lang.String)[pri:0, instance:TestCase002@6c9f5c0d]" name="launchApp" is-config="true" duration-ms="9058" started-at="2023-05-07T15:55:59 IST" finished-at="2023-05-07T15:56:09 IST">
          <params>
            <param index="0">
              <value>
                <![CDATA[Android]]>
              </value>
            </param>
            <param index="1">
              <value>
                <![CDATA[http://0.0.0.0:4723]]>
              </value>
            </param>
            <param index="2">
              <value>
                <![CDATA[e7e46350]]>
              </value>
            </param>
          </params>
          <reporter-output>
          </reporter-output>
        </test-method> <!-- launchApp -->
        <test-method status="PASS" signature="execute()[pri:1, instance:TestCase002@6c9f5c0d]" name="execute" duration-ms="44845" started-at="2023-05-07T15:56:09 IST" finished-at="2023-05-07T15:56:53 IST">
          <reporter-output>
          </reporter-output>
        </test-method> <!-- execute -->
        <test-method status="PASS" signature="quitDriver()[pri:0, instance:TestCase002@6c9f5c0d]" name="quitDriver" is-config="true" duration-ms="3389" started-at="2023-05-07T15:56:53 IST" finished-at="2023-05-07T15:56:57 IST">
          <reporter-output>
          </reporter-output>
        </test-method> <!-- quitDriver -->
      </class> <!-- TestCase002 -->
      <class name="TestCase001">
        <test-method status="PASS" signature="launchApp(java.lang.String,java.lang.String,java.lang.String)[pri:0, instance:TestCase001@17695df3]" name="launchApp" is-config="true" duration-ms="12747" started-at="2023-05-07T15:55:39 IST" finished-at="2023-05-07T15:55:52 IST">
          <params>
            <param index="0">
              <value>
                <![CDATA[Android]]>
              </value>
            </param>
            <param index="1">
              <value>
                <![CDATA[http://0.0.0.0:4723]]>
              </value>
            </param>
            <param index="2">
              <value>
                <![CDATA[e7e46350]]>
              </value>
            </param>
          </params>
          <reporter-output>
          </reporter-output>
        </test-method> <!-- launchApp -->
        <test-method status="PASS" signature="execute()[pri:0, instance:TestCase001@17695df3]" name="execute" duration-ms="4281" started-at="2023-05-07T15:55:52 IST" finished-at="2023-05-07T15:55:56 IST">
          <reporter-output>
          </reporter-output>
        </test-method> <!-- execute -->
        <test-method status="PASS" signature="quitDriver()[pri:0, instance:TestCase001@17695df3]" name="quitDriver" is-config="true" duration-ms="3454" started-at="2023-05-07T15:55:56 IST" finished-at="2023-05-07T15:55:59 IST">
          <reporter-output>
          </reporter-output>
        </test-method> <!-- quitDriver -->
      </class> <!-- TestCase001 -->
    </test> <!-- poco m2 pro -->
    <test name="vivo v75" duration-ms="95316" started-at="2023-05-07T15:55:39 IST" finished-at="2023-05-07T15:57:14 IST">
      <class name="TestCase003">
        <test-method status="PASS" signature="launchApp(java.lang.String,java.lang.String,java.lang.String)[pri:0, instance:TestCase003@7dc222ae]" name="launchApp" is-config="true" duration-ms="6482" started-at="2023-05-07T15:56:57 IST" finished-at="2023-05-07T15:57:04 IST">
          <params>
            <param index="0">
              <value>
                <![CDATA[Android]]>
              </value>
            </param>
            <param index="1">
              <value>
                <![CDATA[http://0.0.0.0:4723]]>
              </value>
            </param>
            <param index="2">
              <value>
                <![CDATA[1393984216000IH]]>
              </value>
            </param>
          </params>
          <reporter-output>
          </reporter-output>
        </test-method> <!-- launchApp -->
        <test-method status="PASS" signature="execute()[pri:3, instance:TestCase003@7dc222ae]" name="execute" duration-ms="7121" started-at="2023-05-07T15:57:04 IST" finished-at="2023-05-07T15:57:11 IST">
          <reporter-output>
          </reporter-output>
        </test-method> <!-- execute -->
        <test-method status="PASS" signature="quitDriver()[pri:0, instance:TestCase003@7dc222ae]" name="quitDriver" is-config="true" duration-ms="3277" started-at="2023-05-07T15:57:11 IST" finished-at="2023-05-07T15:57:14 IST">
          <reporter-output>
          </reporter-output>
        </test-method> <!-- quitDriver -->
      </class> <!-- TestCase003 -->
      <class name="TestCase002">
        <test-method status="PASS" signature="launchApp(java.lang.String,java.lang.String,java.lang.String)[pri:0, instance:TestCase002@1068e947]" name="launchApp" is-config="true" duration-ms="7556" started-at="2023-05-07T15:56:01 IST" finished-at="2023-05-07T15:56:09 IST">
          <params>
            <param index="0">
              <value>
                <![CDATA[Android]]>
              </value>
            </param>
            <param index="1">
              <value>
                <![CDATA[http://0.0.0.0:4723]]>
              </value>
            </param>
            <param index="2">
              <value>
                <![CDATA[1393984216000IH]]>
              </value>
            </param>
          </params>
          <reporter-output>
          </reporter-output>
        </test-method> <!-- launchApp -->
        <test-method status="PASS" signature="execute()[pri:1, instance:TestCase002@1068e947]" name="execute" duration-ms="45251" started-at="2023-05-07T15:56:09 IST" finished-at="2023-05-07T15:56:54 IST">
          <reporter-output>
          </reporter-output>
        </test-method> <!-- execute -->
        <test-method status="PASS" signature="quitDriver()[pri:0, instance:TestCase002@1068e947]" name="quitDriver" is-config="true" duration-ms="3230" started-at="2023-05-07T15:56:54 IST" finished-at="2023-05-07T15:56:57 IST">
          <reporter-output>
          </reporter-output>
        </test-method> <!-- quitDriver -->
      </class> <!-- TestCase002 -->
      <class name="TestCase001">
        <test-method status="PASS" signature="launchApp(java.lang.String,java.lang.String,java.lang.String)[pri:0, instance:TestCase001@5a4041cc]" name="launchApp" is-config="true" duration-ms="12853" started-at="2023-05-07T15:55:39 IST" finished-at="2023-05-07T15:55:52 IST">
          <params>
            <param index="0">
              <value>
                <![CDATA[Android]]>
              </value>
            </param>
            <param index="1">
              <value>
                <![CDATA[http://0.0.0.0:4723]]>
              </value>
            </param>
            <param index="2">
              <value>
                <![CDATA[1393984216000IH]]>
              </value>
            </param>
          </params>
          <reporter-output>
          </reporter-output>
        </test-method> <!-- launchApp -->
        <test-method status="PASS" signature="execute()[pri:0, instance:TestCase001@5a4041cc]" name="execute" duration-ms="6147" started-at="2023-05-07T15:55:52 IST" finished-at="2023-05-07T15:55:58 IST">
          <reporter-output>
          </reporter-output>
        </test-method> <!-- execute -->
        <test-method status="PASS" signature="quitDriver()[pri:0, instance:TestCase001@5a4041cc]" name="quitDriver" is-config="true" duration-ms="3325" started-at="2023-05-07T15:55:58 IST" finished-at="2023-05-07T15:56:01 IST">
          <reporter-output>
          </reporter-output>
        </test-method> <!-- quitDriver -->
      </class> <!-- TestCase001 -->
    </test> <!-- vivo v75 -->
  </suite> <!-- All Test Suite -->
</testng-results>
